<?xml version="1.0" encoding="UTF-8"?>
<testng-results ignored="4" total="7" passed="3" failed="0" skipped="0">
  <reporter-output>
  </reporter-output>
  <suite started-at="2023-01-31T21:55:08 IST" name="Suite" finished-at="2023-01-31T21:55:45 IST" duration-ms="37542">
    <groups>
    </groups>
    <test started-at="2023-01-31T21:55:08 IST" name="Test" finished-at="2023-01-31T21:55:45 IST" duration-ms="37542">
      <class name="FrameDesingSample.ClickTask">
        <test-method is-config="true" signature="launcBrowser()[pri:0, instance:FrameDesingSample.ClickTask@10d307f1]" started-at="2023-01-31T21:55:08 IST" name="launcBrowser" finished-at="2023-01-31T21:55:17 IST" duration-ms="9588" status="PASS">
          <reporter-output>
          </reporter-output>
        </test-method> <!-- launcBrowser -->
        <test-method is-config="true" signature="loginToApp()[pri:0, instance:FrameDesingSample.ClickTask@10d307f1]" started-at="2023-01-31T21:55:17 IST" name="loginToApp" finished-at="2023-01-31T21:55:17 IST" duration-ms="215" status="PASS">
          <reporter-output>
          </reporter-output>
        </test-method> <!-- loginToApp -->
        <test-method signature="createTask()[pri:0, instance:FrameDesingSample.ClickTask@10d307f1]" started-at="2023-01-31T21:55:17 IST" name="createTask" finished-at="2023-01-31T21:55:23 IST" duration-ms="5236" status="PASS">
          <reporter-output>
          </reporter-output>
        </test-method> <!-- createTask -->
        <test-method is-config="true" signature="logOutApp()[pri:0, instance:FrameDesingSample.ClickTask@10d307f1]" started-at="2023-01-31T21:55:23 IST" name="logOutApp" finished-at="2023-01-31T21:55:25 IST" duration-ms="2286" status="PASS">
          <reporter-output>
          </reporter-output>
        </test-method> <!-- logOutApp -->
        <test-method is-config="true" signature="closeBrowser()[pri:0, instance:FrameDesingSample.ClickTask@10d307f1]" started-at="2023-01-31T21:55:25 IST" name="closeBrowser" finished-at="2023-01-31T21:55:41 IST" duration-ms="16307" status="PASS">
          <reporter-output>
          </reporter-output>
        </test-method> <!-- closeBrowser -->
      </class> <!-- FrameDesingSample.ClickTask -->
      <class name="FrameDesingSample.ClickOnReport">
        <test-method is-config="true" signature="createConnnection()[pri:0, instance:FrameDesingSample.ClickOnReport@2053d869]" started-at="2023-01-31T21:55:08 IST" name="createConnnection" finished-at="2023-01-31T21:55:08 IST" duration-ms="5" status="PASS">
          <reporter-output>
          </reporter-output>
        </test-method> <!-- createConnnection -->
        <test-method is-config="true" signature="launcBrowser()[pri:0, instance:FrameDesingSample.ClickOnReport@2053d869]" started-at="2023-01-31T21:55:08 IST" name="launcBrowser" finished-at="2023-01-31T21:55:19 IST" duration-ms="11233" status="PASS">
          <reporter-output>
          </reporter-output>
        </test-method> <!-- launcBrowser -->
        <test-method is-config="true" signature="loginToApp()[pri:0, instance:FrameDesingSample.ClickOnReport@2053d869]" started-at="2023-01-31T21:55:19 IST" name="loginToApp" finished-at="2023-01-31T21:55:19 IST" duration-ms="221" status="PASS">
          <reporter-output>
          </reporter-output>
        </test-method> <!-- loginToApp -->
        <test-method signature="createReport()[pri:0, instance:FrameDesingSample.ClickOnReport@2053d869]" started-at="2023-01-31T21:55:19 IST" name="createReport" finished-at="2023-01-31T21:55:27 IST" duration-ms="7590" status="PASS">
          <reporter-output>
          </reporter-output>
        </test-method> <!-- createReport -->
        <test-method is-config="true" signature="logOutApp()[pri:0, instance:FrameDesingSample.ClickOnReport@2053d869]" started-at="2023-01-31T21:55:27 IST" name="logOutApp" finished-at="2023-01-31T21:55:29 IST" duration-ms="2196" status="PASS">
          <reporter-output>
          </reporter-output>
        </test-method> <!-- logOutApp -->
        <test-method is-config="true" signature="closeBrowser()[pri:0, instance:FrameDesingSample.ClickOnReport@2053d869]" started-at="2023-01-31T21:55:29 IST" name="closeBrowser" finished-at="2023-01-31T21:55:45 IST" duration-ms="16272" status="PASS">
          <reporter-output>
          </reporter-output>
        </test-method> <!-- closeBrowser -->
        <test-method is-config="true" signature="disconectedConnection()[pri:0, instance:FrameDesingSample.ClickOnReport@2053d869]" started-at="2023-01-31T21:55:45 IST" name="disconectedConnection" finished-at="2023-01-31T21:55:45 IST" duration-ms="0" status="PASS">
          <reporter-output>
          </reporter-output>
        </test-method> <!-- disconectedConnection -->
      </class> <!-- FrameDesingSample.ClickOnReport -->
      <class name="FrameDesingSample.ClickOnUsers">
        <test-method is-config="true" signature="launcBrowser()[pri:0, instance:FrameDesingSample.ClickOnUsers@49c7b90e]" started-at="2023-01-31T21:55:08 IST" name="launcBrowser" finished-at="2023-01-31T21:55:18 IST" duration-ms="10439" status="PASS">
          <reporter-output>
          </reporter-output>
        </test-method> <!-- launcBrowser -->
        <test-method is-config="true" signature="loginToApp()[pri:0, instance:FrameDesingSample.ClickOnUsers@49c7b90e]" started-at="2023-01-31T21:55:18 IST" name="loginToApp" finished-at="2023-01-31T21:55:18 IST" duration-ms="213" status="PASS">
          <reporter-output>
          </reporter-output>
        </test-method> <!-- loginToApp -->
        <test-method signature="createUser()[pri:0, instance:FrameDesingSample.ClickOnUsers@49c7b90e]" started-at="2023-01-31T21:55:18 IST" name="createUser" finished-at="2023-01-31T21:55:24 IST" duration-ms="5760" status="PASS">
          <reporter-output>
          </reporter-output>
        </test-method> <!-- createUser -->
        <test-method is-config="true" signature="logOutApp()[pri:0, instance:FrameDesingSample.ClickOnUsers@49c7b90e]" started-at="2023-01-31T21:55:24 IST" name="logOutApp" finished-at="2023-01-31T21:55:26 IST" duration-ms="1851" status="PASS">
          <reporter-output>
          </reporter-output>
        </test-method> <!-- logOutApp -->
        <test-method is-config="true" signature="closeBrowser()[pri:0, instance:FrameDesingSample.ClickOnUsers@49c7b90e]" started-at="2023-01-31T21:55:26 IST" name="closeBrowser" finished-at="2023-01-31T21:55:42 IST" duration-ms="16264" status="PASS">
          <reporter-output>
          </reporter-output>
        </test-method> <!-- closeBrowser -->
      </class> <!-- FrameDesingSample.ClickOnUsers -->
    </test> <!-- Test -->
  </suite> <!-- Suite -->
</testng-results>
