<?xml version="1.0" encoding="UTF-8"?>
<testng-results ignored="0" total="1" passed="1" failed="0" skipped="0">
  <reporter-output>
  </reporter-output>
  <suite started-at="2023-01-30T22:06:26 IST" name="Default suite" finished-at="2023-01-30T22:06:49 IST" duration-ms="23237">
    <groups>
    </groups>
    <test started-at="2023-01-30T22:06:26 IST" name="Default test" finished-at="2023-01-30T22:06:49 IST" duration-ms="23237">
      <class name="FrameDesingSample.ClickTask">
        <test-method is-config="true" signature="createConnnection()[pri:0, instance:FrameDesingSample.ClickTask@ea6147e]" started-at="2023-01-30T22:06:26 IST" name="createConnnection" finished-at="2023-01-30T22:06:26 IST" duration-ms="6" status="PASS">
          <reporter-output>
          </reporter-output>
        </test-method> <!-- createConnnection -->
        <test-method is-config="true" signature="launcBrowser()[pri:0, instance:FrameDesingSample.ClickTask@ea6147e]" started-at="2023-01-30T22:06:26 IST" name="launcBrowser" finished-at="2023-01-30T22:06:42 IST" duration-ms="15315" status="PASS">
          <reporter-output>
          </reporter-output>
        </test-method> <!-- launcBrowser -->
        <test-method is-config="true" signature="loginToApp()[pri:0, instance:FrameDesingSample.ClickTask@ea6147e]" started-at="2023-01-30T22:06:42 IST" name="loginToApp" finished-at="2023-01-30T22:06:42 IST" duration-ms="229" status="PASS">
          <reporter-output>
          </reporter-output>
        </test-method> <!-- loginToApp -->
        <test-method signature="createTask()[pri:0, instance:FrameDesingSample.ClickTask@ea6147e]" started-at="2023-01-30T22:06:42 IST" name="createTask" finished-at="2023-01-30T22:06:48 IST" duration-ms="5734" status="PASS">
          <reporter-output>
          </reporter-output>
        </test-method> <!-- createTask -->
        <test-method is-config="true" signature="logOutApp()[pri:0, instance:FrameDesingSample.ClickTask@ea6147e]" started-at="2023-01-30T22:06:48 IST" name="logOutApp" finished-at="2023-01-30T22:06:49 IST" duration-ms="1795" status="PASS">
          <reporter-output>
          </reporter-output>
        </test-method> <!-- logOutApp -->
        <test-method is-config="true" signature="closeBrowser()[pri:0, instance:FrameDesingSample.ClickTask@ea6147e]" started-at="2023-01-30T22:06:49 IST" name="closeBrowser" finished-at="2023-01-30T22:06:49 IST" duration-ms="128" status="PASS">
          <reporter-output>
          </reporter-output>
        </test-method> <!-- closeBrowser -->
        <test-method is-config="true" signature="disconectedConnection()[pri:0, instance:FrameDesingSample.ClickTask@ea6147e]" started-at="2023-01-30T22:06:50 IST" name="disconectedConnection" finished-at="2023-01-30T22:06:50 IST" duration-ms="0" status="PASS">
          <reporter-output>
          </reporter-output>
        </test-method> <!-- disconectedConnection -->
      </class> <!-- FrameDesingSample.ClickTask -->
    </test> <!-- Default test -->
  </suite> <!-- Default suite -->
</testng-results>
