<?xml version="1.0" encoding="UTF-8"?>
<!-- Generated by org.testng.reporters.JUnitXMLReporter -->
<testsuite ignored="4" hostname="DESKTOP-R9PATUM" failures="0" tests="3" name="Test" time="37.542" errors="0" timestamp="2023-01-31T21:55:45 IST">
  <testcase classname="FrameDesingSample.ClickTask" name="createTask" time="5.236"/>
  <testcase classname="FrameDesingSample.ClickOnUsers" name="createUser" time="5.76"/>
  <testcase classname="FrameDesingSample.ClickOnReport" name="createReport" time="7.59"/>
  <testcase classname="FrameDesingSample.BaseClass" name="@BeforeSuite createConnnection" time="0.0">
    <ignored/>
  </testcase> <!-- @BeforeSuite createConnnection -->
  <testcase classname="FrameDesingSample.BaseClass" name="@BeforeSuite createConnnection" time="0.0">
    <ignored/>
  </testcase> <!-- @BeforeSuite createConnnection -->
  <testcase classname="FrameDesingSample.BaseClass" name="@AfterSuite disconectedConnection" time="0.0">
    <ignored/>
  </testcase> <!-- @AfterSuite disconectedConnection -->
  <testcase classname="FrameDesingSample.BaseClass" name="@AfterSuite disconectedConnection" time="0.0">
    <ignored/>
  </testcase> <!-- @AfterSuite disconectedConnection -->
</testsuite> <!-- Test -->
